-------------------------------------------------------------------------------
Test set: net.netdatacorp.ApplicationTests
-------------------------------------------------------------------------------
Tests run: 1, Failures: 0, Errors: 1, Skipped: 0, Time elapsed: 7.851 sec <<< FAILURE! - in net.netdatacorp.ApplicationTests
testSayHello(net.netdatacorp.ApplicationTests)  Time elapsed: 2.254 sec  <<< ERROR!
javax.xml.ws.soap.SOAPFaultException: Unmarshalling Error: unexpected element (uri:"", local:"IO_DOCUMENT"). Expected elements are <{http://netdatacorp.net/types/courtrecord}firstName>,<{http://netdatacorp.net/types/courtrecord}lastName> 
	at org.apache.cxf.binding.soap.interceptor.Soap11FaultInInterceptor.unmarshalFault(Soap11FaultInInterceptor.java:86)
	at org.apache.cxf.binding.soap.interceptor.Soap11FaultInInterceptor.handleMessage(Soap11FaultInInterceptor.java:52)
	at org.apache.cxf.binding.soap.interceptor.Soap11FaultInInterceptor.handleMessage(Soap11FaultInInterceptor.java:41)
	at org.apache.cxf.phase.PhaseInterceptorChain.doIntercept(PhaseInterceptorChain.java:308)
	at org.apache.cxf.interceptor.AbstractFaultChainInitiatorObserver.onMessage(AbstractFaultChainInitiatorObserver.java:112)
	at org.apache.cxf.binding.soap.interceptor.CheckFaultInterceptor.handleMessage(CheckFaultInterceptor.java:69)
	at org.apache.cxf.binding.soap.interceptor.CheckFaultInterceptor.handleMessage(CheckFaultInterceptor.java:34)
	at org.apache.cxf.phase.PhaseInterceptorChain.doIntercept(PhaseInterceptorChain.java:308)
	at org.apache.cxf.endpoint.ClientImpl.onMessage(ClientImpl.java:805)
	at org.apache.cxf.transport.http.HTTPConduit$WrappedOutputStream.handleResponseInternal(HTTPConduit.java:1684)
	at org.apache.cxf.transport.http.HTTPConduit$WrappedOutputStream.handleResponse(HTTPConduit.java:1560)
	at org.apache.cxf.transport.http.HTTPConduit$WrappedOutputStream.close(HTTPConduit.java:1361)
	at org.apache.cxf.transport.AbstractConduit.close(AbstractConduit.java:56)
	at org.apache.cxf.transport.http.HTTPConduit.close(HTTPConduit.java:658)
	at org.apache.cxf.interceptor.MessageSenderInterceptor$MessageSenderEndingInterceptor.handleMessage(MessageSenderInterceptor.java:62)
	at org.apache.cxf.phase.PhaseInterceptorChain.doIntercept(PhaseInterceptorChain.java:308)
	at org.apache.cxf.endpoint.ClientImpl.doInvoke(ClientImpl.java:518)
	at org.apache.cxf.endpoint.ClientImpl.invoke(ClientImpl.java:427)
	at org.apache.cxf.endpoint.ClientImpl.invoke(ClientImpl.java:328)
	at org.apache.cxf.endpoint.ClientImpl.invoke(ClientImpl.java:281)
	at org.apache.cxf.frontend.ClientProxy.invokeSync(ClientProxy.java:96)
	at org.apache.cxf.jaxws.JaxWsClientProxy.invoke(JaxWsClientProxy.java:139)
	at com.sun.proxy.$Proxy107.sayHello(Unknown Source)
	at net.netdatacorp.client.CourtRecordClient.sayHello(CourtRecordClient.java:24)
	at net.netdatacorp.ApplicationTests.testSayHello(ApplicationTests.java:23)

