<?xml version="1.0" encoding="UTF-8"?>
<testsuite name="net.netdatacorp.ApplicationTests" time="2.254" tests="1" errors="1" skipped="0" failures="0">
  <properties>
[...]
</properties>
  <testcase name="testSayHello" classname="net.netdatacorp.ApplicationTests" time="2.254">
    <error message="Unmarshalling Error: unexpected element (uri:&quot;&quot;, local:&quot;IO_DOCUMENT&quot;). Expected elements are &lt;{http://netdatacorp.net/types/courtrecord}firstName&gt;,&lt;{http://netdatacorp.net/types/courtrecord}lastName&gt; " type="javax.xml.ws.soap.SOAPFaultException"><![CDATA[javax.xml.ws.soap.SOAPFaultException: Unmarshalling Error: unexpected element (uri:"", local:"IO_DOCUMENT"). Expected elements are <{http://netdatacorp.net/types/courtrecord}firstName>,<{http://netdatacorp.net/types/courtrecord}lastName> 
	at org.apache.cxf.binding.soap.interceptor.Soap11FaultInInterceptor.unmarshalFault(Soap11FaultInInterceptor.java:86)
	at org.apache.cxf.binding.soap.interceptor.Soap11FaultInInterceptor.handleMessage(Soap11FaultInInterceptor.java:52)
	at org.apache.cxf.binding.soap.interceptor.Soap11FaultInInterceptor.handleMessage(Soap11FaultInInterceptor.java:41)
	at org.apache.cxf.phase.PhaseInterceptorChain.doIntercept(PhaseInterceptorChain.java:308)
	at org.apache.cxf.interceptor.AbstractFaultChainInitiatorObserver.onMessage(AbstractFaultChainInitiatorObserver.java:112)
	at org.apache.cxf.binding.soap.interceptor.CheckFaultInterceptor.handleMessage(CheckFaultInterceptor.java:69)
	at org.apache.cxf.binding.soap.interceptor.CheckFaultInterceptor.handleMessage(CheckFaultInterceptor.java:34)
	at org.apache.cxf.phase.PhaseInterceptorChain.doIntercept(PhaseInterceptorChain.java:308)
	at org.apache.cxf.endpoint.ClientImpl.onMessage(ClientImpl.java:805)
	at org.apache.cxf.transport.http.HTTPConduit$WrappedOutputStream.handleResponseInternal(HTTPConduit.java:1684)
	at org.apache.cxf.transport.http.HTTPConduit$WrappedOutputStream.handleResponse(HTTPConduit.java:1560)
	at org.apache.cxf.transport.http.HTTPConduit$WrappedOutputStream.close(HTTPConduit.java:1361)
	at org.apache.cxf.transport.AbstractConduit.close(AbstractConduit.java:56)
	at org.apache.cxf.transport.http.HTTPConduit.close(HTTPConduit.java:658)
	at org.apache.cxf.interceptor.MessageSenderInterceptor$MessageSenderEndingInterceptor.handleMessage(MessageSenderInterceptor.java:62)
	at org.apache.cxf.phase.PhaseInterceptorChain.doIntercept(PhaseInterceptorChain.java:308)
	at org.apache.cxf.endpoint.ClientImpl.doInvoke(ClientImpl.java:518)
	at org.apache.cxf.endpoint.ClientImpl.invoke(ClientImpl.java:427)
	at org.apache.cxf.endpoint.ClientImpl.invoke(ClientImpl.java:328)
	at org.apache.cxf.endpoint.ClientImpl.invoke(ClientImpl.java:281)
	at org.apache.cxf.frontend.ClientProxy.invokeSync(ClientProxy.java:96)
	at org.apache.cxf.jaxws.JaxWsClientProxy.invoke(JaxWsClientProxy.java:139)
	at com.sun.proxy.$Proxy107.sayHello(Unknown Source)
	at net.netdatacorp.client.CourtRecordClient.sayHello(CourtRecordClient.java:24)
	at net.netdatacorp.ApplicationTests.testSayHello(ApplicationTests.java:23)
]]></error>
    <system-out><![CDATA[
  .   ____          _            __ _ _
 /\\ / ___'_ __ _ _(_)_ __  __ _ \ \ \ \
( ( )\___ | '_ | '_| | '_ \/ _` | \ \ \ \
 \\/  ___)| |_)| | | | | || (_| |  ) ) ) )
  '  |____| .__|_| |_|_| |_\__, | / / / /
 =========|_|==============|___/=/_/_/_/
 :: Spring Boot ::        (v1.5.4.RELEASE)

15:08:47.111 [main] INFO  net.netdatacorp.ApplicationTests - Starting ApplicationTests on SDAVIS-SUR with PID 21048 (started by sdavis in C:\Users\sdavis\gitnew\sharonmcdavis\CourtWebService)
15:08:47.114 [main] INFO  net.netdatacorp.ApplicationTests - No active profile set, falling back to default profiles: default
15:08:52.150 [main] INFO  net.netdatacorp.ApplicationTests - Started ApplicationTests in 5.489 seconds (JVM running for 6.34)
--===< New Inbound Message To Handle >===--
filename= 'TF20170911150852'
Operation = 'UnknownOperation'
15:08:54.398 [http-nio-9090-exec-1] WARN  o.a.cxf.phase.PhaseInterceptorChain - Interceptor for {http://endpoint.netdatacorp.net/}CourtRecordImplService#{http://netdatacorp.net/services/courtrecord}sayHello has thrown exception, unwinding now
org.apache.cxf.interceptor.Fault: Unmarshalling Error: unexpected element (uri:"", local:"IO_DOCUMENT"). Expected elements are <{http://netdatacorp.net/types/courtrecord}firstName>,<{http://netdatacorp.net/types/courtrecord}lastName> 
	at org.apache.cxf.jaxb.JAXBEncoderDecoder.unmarshall(JAXBEncoderDecoder.java:908)
	at org.apache.cxf.jaxb.JAXBEncoderDecoder.unmarshall(JAXBEncoderDecoder.java:714)
	at org.apache.cxf.jaxb.io.DataReaderImpl.read(DataReaderImpl.java:179)
	at org.apache.cxf.wsdl.interceptors.DocLiteralInInterceptor.handleMessage(DocLiteralInInterceptor.java:194)
	at org.apache.cxf.phase.PhaseInterceptorChain.doIntercept(PhaseInterceptorChain.java:308)
	at org.apache.cxf.transport.ChainInitiationObserver.onMessage(ChainInitiationObserver.java:121)
	at org.apache.cxf.transport.http.AbstractHTTPDestination.invoke(AbstractHTTPDestination.java:263)
	at org.apache.cxf.transport.servlet.ServletController.invokeDestination(ServletController.java:234)
	at org.apache.cxf.transport.servlet.ServletController.invoke(ServletController.java:208)
	at org.apache.cxf.transport.servlet.ServletController.invoke(ServletController.java:160)
	at org.apache.cxf.transport.servlet.CXFNonSpringServlet.invoke(CXFNonSpringServlet.java:189)
	at org.apache.cxf.transport.servlet.AbstractHTTPServlet.handleRequest(AbstractHTTPServlet.java:299)
	at org.apache.cxf.transport.servlet.AbstractHTTPServlet.doPost(AbstractHTTPServlet.java:218)
	at javax.servlet.http.HttpServlet.service(HttpServlet.java:661)
	at org.apache.cxf.transport.servlet.AbstractHTTPServlet.service(AbstractHTTPServlet.java:274)
	at org.apache.catalina.core.ApplicationFilterChain.internalDoFilter(ApplicationFilterChain.java:231)
	at org.apache.catalina.core.ApplicationFilterChain.doFilter(ApplicationFilterChain.java:166)
	at org.apache.tomcat.websocket.server.WsFilter.doFilter(WsFilter.java:52)
	at org.apache.catalina.core.ApplicationFilterChain.internalDoFilter(ApplicationFilterChain.java:193)
	at org.apache.catalina.core.ApplicationFilterChain.doFilter(ApplicationFilterChain.java:166)
	at org.springframework.web.filter.RequestContextFilter.doFilterInternal(RequestContextFilter.java:99)
	at org.springframework.web.filter.OncePerRequestFilter.doFilter(OncePerRequestFilter.java:107)
	at org.apache.catalina.core.ApplicationFilterChain.internalDoFilter(ApplicationFilterChain.java:193)
	at org.apache.catalina.core.ApplicationFilterChain.doFilter(ApplicationFilterChain.java:166)
	at org.springframework.web.filter.HttpPutFormContentFilter.doFilterInternal(HttpPutFormContentFilter.java:105)
	at org.springframework.web.filter.OncePerRequestFilter.doFilter(OncePerRequestFilter.java:107)
	at org.apache.catalina.core.ApplicationFilterChain.internalDoFilter(ApplicationFilterChain.java:193)
	at org.apache.catalina.core.ApplicationFilterChain.doFilter(ApplicationFilterChain.java:166)
	at org.springframework.web.filter.HiddenHttpMethodFilter.doFilterInternal(HiddenHttpMethodFilter.java:81)
	at org.springframework.web.filter.OncePerRequestFilter.doFilter(OncePerRequestFilter.java:107)
	at org.apache.catalina.core.ApplicationFilterChain.internalDoFilter(ApplicationFilterChain.java:193)
	at org.apache.catalina.core.ApplicationFilterChain.doFilter(ApplicationFilterChain.java:166)
	at org.springframework.web.filter.CharacterEncodingFilter.doFilterInternal(CharacterEncodingFilter.java:197)
	at org.springframework.web.filter.OncePerRequestFilter.doFilter(OncePerRequestFilter.java:107)
	at org.apache.catalina.core.ApplicationFilterChain.internalDoFilter(ApplicationFilterChain.java:193)
	at org.apache.catalina.core.ApplicationFilterChain.doFilter(ApplicationFilterChain.java:166)
	at org.apache.catalina.core.StandardWrapperValve.invoke(StandardWrapperValve.java:198)
	at org.apache.catalina.core.StandardContextValve.invoke(StandardContextValve.java:96)
	at org.apache.catalina.authenticator.AuthenticatorBase.invoke(AuthenticatorBase.java:478)
	at org.apache.catalina.core.StandardHostValve.invoke(StandardHostValve.java:140)
	at org.apache.catalina.valves.ErrorReportValve.invoke(ErrorReportValve.java:80)
	at org.apache.catalina.core.StandardEngineValve.invoke(StandardEngineValve.java:87)
	at org.apache.catalina.connector.CoyoteAdapter.service(CoyoteAdapter.java:342)
	at org.apache.coyote.http11.Http11Processor.service(Http11Processor.java:799)
	at org.apache.coyote.AbstractProcessorLight.process(AbstractProcessorLight.java:66)
	at org.apache.coyote.AbstractProtocol$ConnectionHandler.process(AbstractProtocol.java:861)
	at org.apache.tomcat.util.net.NioEndpoint$SocketProcessor.doRun(NioEndpoint.java:1455)
	at org.apache.tomcat.util.net.SocketProcessorBase.run(SocketProcessorBase.java:49)
	at java.util.concurrent.ThreadPoolExecutor.runWorker(ThreadPoolExecutor.java:1142)
	at java.util.concurrent.ThreadPoolExecutor$Worker.run(ThreadPoolExecutor.java:617)
	at org.apache.tomcat.util.threads.TaskThread$WrappingRunnable.run(TaskThread.java:61)
	at java.lang.Thread.run(Thread.java:745)
Caused by: javax.xml.bind.UnmarshalException: null
	at com.sun.xml.bind.v2.runtime.unmarshaller.UnmarshallerImpl.handleStreamException(UnmarshallerImpl.java:483)
	at com.sun.xml.bind.v2.runtime.unmarshaller.UnmarshallerImpl.unmarshal0(UnmarshallerImpl.java:417)
	at com.sun.xml.bind.v2.runtime.unmarshaller.UnmarshallerImpl.unmarshal(UnmarshallerImpl.java:394)
	at org.apache.cxf.jaxb.JAXBEncoderDecoder.doUnmarshal(JAXBEncoderDecoder.java:857)
	at org.apache.cxf.jaxb.JAXBEncoderDecoder.access$100(JAXBEncoderDecoder.java:102)
	at org.apache.cxf.jaxb.JAXBEncoderDecoder$2.run(JAXBEncoderDecoder.java:896)
	at java.security.AccessController.doPrivileged(Native Method)
	at org.apache.cxf.jaxb.JAXBEncoderDecoder.unmarshall(JAXBEncoderDecoder.java:894)
	... 51 common frames omitted
Caused by: com.sun.istack.SAXParseException2: unexpected element (uri:"", local:"IO_DOCUMENT"). Expected elements are <{http://netdatacorp.net/types/courtrecord}firstName>,<{http://netdatacorp.net/types/courtrecord}lastName>
	at com.sun.xml.bind.v2.runtime.unmarshaller.UnmarshallingContext.handleEvent(UnmarshallingContext.java:740)
	at com.sun.xml.bind.v2.runtime.unmarshaller.Loader.reportError(Loader.java:262)
	at com.sun.xml.bind.v2.runtime.unmarshaller.Loader.reportError(Loader.java:257)
	at com.sun.xml.bind.v2.runtime.unmarshaller.Loader.reportUnexpectedChildElement(Loader.java:124)
	at com.sun.xml.bind.v2.runtime.unmarshaller.Loader.childElement(Loader.java:105)
	at com.sun.xml.bind.v2.runtime.unmarshaller.StructureLoader.childElement(StructureLoader.java:262)
	at com.sun.xml.bind.v2.runtime.unmarshaller.UnmarshallingContext._startElement(UnmarshallingContext.java:573)
	at com.sun.xml.bind.v2.runtime.unmarshaller.UnmarshallingContext.startElement(UnmarshallingContext.java:555)
	at com.sun.xml.bind.v2.runtime.unmarshaller.InterningXmlVisitor.startElement(InterningXmlVisitor.java:75)
	at com.sun.xml.bind.v2.runtime.unmarshaller.StAXStreamConnector.handleStartElement(StAXStreamConnector.java:246)
	at com.sun.xml.bind.v2.runtime.unmarshaller.StAXStreamConnector.bridge(StAXStreamConnector.java:180)
	at com.sun.xml.bind.v2.runtime.unmarshaller.UnmarshallerImpl.unmarshal0(UnmarshallerImpl.java:415)
	... 57 common frames omitted
Caused by: javax.xml.bind.UnmarshalException: unexpected element (uri:"", local:"IO_DOCUMENT"). Expected elements are <{http://netdatacorp.net/types/courtrecord}firstName>,<{http://netdatacorp.net/types/courtrecord}lastName>
	... 69 common frames omitted
<soap:Envelope xmlns:soap="http://schemas.xmlsoap.org/soap/envelope/"><soap:Body><soap:Fault><faultcode>soap:Client</faultcode><faultstring>Unmarshalling Error: unexpected element (uri:"", local:"IO_DOCUMENT"). Expected elements are &lt;{http://netdatacorp.net/types/courtrecord}firstName&gt;,&lt;{http://netdatacorp.net/types/courtrecord}lastName&gt; </faultstring></soap:Fault></soap:Body></soap:Envelope>]]></system-out>
    <system-err><![CDATA[------=======<{ Fault Handler }>======------
--=== Program Response ===--

--=== End Program Response ===--
]]></system-err>
  </testcase>
</testsuite>